<?xml version="1.0" encoding="UTF-8"?>
<testng-results skipped="0" failed="0" ignored="0" total="2" passed="2">
  <reporter-output>
  </reporter-output>
  <suite name="Default suite" duration-ms="22417" started-at="2019-10-21T04:10:03Z" finished-at="2019-10-21T04:10:25Z">
    <groups>
    </groups>
    <test name="Default test" duration-ms="22417" started-at="2019-10-21T04:10:03Z" finished-at="2019-10-21T04:10:25Z">
      <class name="com.test.facebook.LoginTest">
        <test-method status="PASS" signature="setUp()[pri:0, instance:com.test.facebook.LoginTest@91161c7]" name="setUp" is-config="true" duration-ms="10578" started-at="2019-10-21T04:10:03Z" finished-at="2019-10-21T04:10:13Z">
          <reporter-output>
          </reporter-output>
        </test-method> <!-- setUp -->
        <test-method status="PASS" signature="verifyfacebookLoginHeader()[pri:1, instance:com.test.facebook.LoginTest@91161c7]" name="verifyfacebookLoginHeader" duration-ms="64" started-at="2019-10-21T04:10:13Z" finished-at="2019-10-21T04:10:13Z">
          <reporter-output>
          </reporter-output>
        </test-method> <!-- verifyfacebookLoginHeader -->
        <test-method status="PASS" signature="loginTest()[pri:2, instance:com.test.facebook.LoginTest@91161c7]" name="loginTest" duration-ms="10707" started-at="2019-10-21T04:10:13Z" finished-at="2019-10-21T04:10:24Z">
          <reporter-output>
          </reporter-output>
        </test-method> <!-- loginTest -->
        <test-method status="PASS" signature="tearDown()[pri:0, instance:com.test.facebook.LoginTest@91161c7]" name="tearDown" is-config="true" duration-ms="1035" started-at="2019-10-21T04:10:24Z" finished-at="2019-10-21T04:10:25Z">
          <reporter-output>
          </reporter-output>
        </test-method> <!-- tearDown -->
      </class> <!-- com.test.facebook.LoginTest -->
    </test> <!-- Default test -->
  </suite> <!-- Default suite -->
</testng-results>
